1 causal
2 noncausal
3 causal 
4 noncausal 
5 causal 
6 noncausal 
7 causal 
8 noncausal 
9 causal 
10 noncausal 
11 causal 
12 noncausal 
13 noncausal 
14 causal 
15 noncausal 
16 causal 
17 noncausal 
18 causal 
19 noncausal 
20 causal 
21 noncausal 
22 causal 
23 noncausal 
24 causal 
25 noncausal 
26 causal 
27 causal 
28 noncausal 
29 noncausal 
30 causal 
31 causal 
32 noncausal 
33 causal 
34 noncausal 
35 causal 
36 noncausal 
37 noncausal 
38 causal 
39 causal 
40 noncausal 
41 noncausal 
42 causal 
43 causal 
44 noncausal 
45 causal 
46 noncausal 
47 causal 
48 noncausal 
49 noncausal 
50 causal 
51 noncausal 
52 causal 
53 causal 
54 noncausal 
55 noncausal 
56 causal 
57 causal 
58 noncausal 
59 causal 
60 noncausal 
